<?xml version="1.0" encoding="utf-8"?><testsuites name="pytest tests"><testsuite name="pytest" errors="0" failures="0" skipped="0" tests="25" time="6.544" timestamp="2026-01-31T19:03:32.022403+00:00" hostname="agent-env-a52ef14b-3cb1-4cf7-bfa9-21735c0b0e27"><testcase classname="backend.tests.test_minex_iteration4.TestAuthentication" name="test_admin_login" time="0.341" /><testcase classname="backend.tests.test_minex_iteration4.TestAuthentication" name="test_master_user_login" time="0.260" /><testcase classname="backend.tests.test_minex_iteration4.TestAuthentication" name="test_test_user_login" time="0.257" /><testcase classname="backend.tests.test_minex_iteration4.TestROIDistribution" name="test_roi_scheduler_status" time="0.302" /><testcase classname="backend.tests.test_minex_iteration4.TestROIDistribution" name="test_manual_roi_distribution" time="1.151" /><testcase classname="backend.tests.test_minex_iteration4.TestROIDistribution" name="test_system_logs_show_roi_distribution" time="0.297" /><testcase classname="backend.tests.test_minex_iteration4.TestROIDistribution" name="test_user_dashboard_shows_roi_balance" time="0.303" /><testcase classname="backend.tests.test_minex_iteration4.TestPackageManagement" name="test_get_all_packages_admin" time="0.299" /><testcase classname="backend.tests.test_minex_iteration4.TestPackageManagement" name="test_get_active_packages_user" time="0.039" /><testcase classname="backend.tests.test_minex_iteration4.TestPackageManagement" name="test_toggle_package_status" time="0.418" /><testcase classname="backend.tests.test_minex_iteration4.TestPackageManagement" name="test_package_has_level_requirements" time="0.306" /><testcase classname="backend.tests.test_minex_iteration4.TestUserDashboard" name="test_dashboard_has_promotion_progress" time="0.382" /><testcase classname="backend.tests.test_minex_iteration4.TestUserDashboard" name="test_dashboard_has_team_counts" time="0.293" /><testcase classname="backend.tests.test_minex_iteration4.TestPasswordReset" name="test_forgot_password_endpoint" time="0.047" /><testcase classname="backend.tests.test_minex_iteration4.TestPasswordReset" name="test_forgot_password_nonexistent_email" time="0.035" /><testcase classname="backend.tests.test_minex_iteration4.TestPasswordReset" name="test_verify_reset_code_invalid" time="0.041" /><testcase classname="backend.tests.test_minex_iteration4.TestPasswordReset" name="test_reset_password_invalid_code" time="0.035" /><testcase classname="backend.tests.test_minex_iteration4.TestPasswordReset" name="test_reset_password_mismatch" time="0.036" /><testcase classname="backend.tests.test_minex_iteration4.TestDirectCommission" name="test_master_user_has_test_user_as_referral" time="0.321" /><testcase classname="backend.tests.test_minex_iteration4.TestDirectCommission" name="test_commissions_endpoint" time="0.303" /><testcase classname="backend.tests.test_minex_iteration4.TestEmailVerification" name="test_send_verification_endpoint" time="0.046" /><testcase classname="backend.tests.test_minex_iteration4.TestEmailVerification" name="test_verify_email_invalid_code" time="0.037" /><testcase classname="backend.tests.test_minex_iteration4.TestAdminDashboard" name="test_admin_dashboard_stats" time="0.299" /><testcase classname="backend.tests.test_minex_iteration4.TestAdminDashboard" name="test_admin_users_list" time="0.304" /><testcase classname="backend.tests.test_minex_iteration4.TestAdminDashboard" name="test_admin_email_logs" time="0.299" /></testsuite></testsuites>