<?xml version="1.0" encoding="utf-8"?><testsuites name="pytest tests"><testsuite name="pytest" errors="0" failures="0" skipped="0" tests="13" time="3.431" timestamp="2026-02-07T17:17:53.456350+00:00" hostname="agent-env-a49dff66-fed4-49bf-ab28-ed05db60c4f9"><testcase classname="backend.tests.test_promotions_withdrawals.TestAuthentication" name="test_admin_login" time="0.319" /><testcase classname="backend.tests.test_promotions_withdrawals.TestAuthentication" name="test_user_login" time="0.298" /><testcase classname="backend.tests.test_promotions_withdrawals.TestPromotionEndpoints" name="test_get_active_promotion_public" time="0.036" /><testcase classname="backend.tests.test_promotions_withdrawals.TestPromotionEndpoints" name="test_admin_get_all_promotions" time="0.275" /><testcase classname="backend.tests.test_promotions_withdrawals.TestPromotionEndpoints" name="test_admin_create_promotion" time="0.268" /><testcase classname="backend.tests.test_promotions_withdrawals.TestPromotionEndpoints" name="test_admin_update_promotion" time="0.327" /><testcase classname="backend.tests.test_promotions_withdrawals.TestPromotionEndpoints" name="test_admin_delete_promotion" time="0.327" /><testcase classname="backend.tests.test_promotions_withdrawals.TestPromotionEndpoints" name="test_get_promotion_rewards" time="0.270" /><testcase classname="backend.tests.test_promotions_withdrawals.TestWithdrawalLimits" name="test_get_settings_with_limits" time="0.071" /><testcase classname="backend.tests.test_promotions_withdrawals.TestWithdrawalLimits" name="test_admin_update_withdrawal_limits" time="0.317" /><testcase classname="backend.tests.test_promotions_withdrawals.TestWithdrawalLimits" name="test_withdrawal_below_minimum_rejected" time="0.310" /><testcase classname="backend.tests.test_promotions_withdrawals.TestWithdrawalLimits" name="test_withdrawal_above_maximum_rejected" time="0.270" /><testcase classname="backend.tests.test_promotions_withdrawals.TestUserDashboard" name="test_user_dashboard_loads" time="0.265" /></testsuite></testsuites>