<?xml version="1.0" encoding="utf-8"?><testsuites name="pytest tests"><testsuite name="pytest" errors="0" failures="0" skipped="0" tests="12" time="7.053" timestamp="2026-02-13T16:01:16.310079+00:00" hostname="agent-env-04ffe092-007e-4d34-8b92-9cb74494aae7"><testcase classname="backend.tests.test_deposited_capital_promo.TestAuth" name="test_user_login" time="0.578" /><testcase classname="backend.tests.test_deposited_capital_promo.TestAuth" name="test_admin_login" time="0.426" /><testcase classname="backend.tests.test_deposited_capital_promo.TestUserDashboard" name="test_dashboard_returns_deposited_capital" time="0.534" /><testcase classname="backend.tests.test_deposited_capital_promo.TestUserDashboard" name="test_dashboard_values_are_correct_types" time="0.797" /><testcase classname="backend.tests.test_deposited_capital_promo.TestTransactions" name="test_transactions_endpoint_works" time="0.784" /><testcase classname="backend.tests.test_deposited_capital_promo.TestTransactions" name="test_transaction_structure_is_correct" time="0.635" /><testcase classname="backend.tests.test_deposited_capital_promo.TestPromotions" name="test_get_active_promotion" time="0.276" /><testcase classname="backend.tests.test_deposited_capital_promo.TestAdminMigration" name="test_migration_endpoint_exists" time="0.524" /><testcase classname="backend.tests.test_deposited_capital_promo.TestAdminMigration" name="test_migration_endpoint_requires_admin" time="0.138" /><testcase classname="backend.tests.test_deposited_capital_promo.TestAdminMigration" name="test_migration_endpoint_rejects_regular_user" time="1.013" /><testcase classname="backend.tests.test_deposited_capital_promo.TestAdminPromotions" name="test_get_all_promotions" time="0.723" /><testcase classname="backend.tests.test_deposited_capital_promo.TestAdminImpersonation" name="test_get_all_users" time="0.573" /></testsuite></testsuites>