<?xml version="1.0" encoding="utf-8"?><testsuites name="pytest tests"><testsuite name="pytest" errors="0" failures="0" skipped="0" tests="24" time="5.867" timestamp="2026-01-30T17:53:01.882274+00:00" hostname="agent-env-a52ef14b-3cb1-4cf7-bfa9-21735c0b0e27"><testcase classname="backend.tests.test_minex_features.TestLandingPageAPIs" name="test_get_membership_packages" time="0.092" /><testcase classname="backend.tests.test_minex_features.TestLandingPageAPIs" name="test_get_investment_packages" time="0.043" /><testcase classname="backend.tests.test_minex_features.TestLandingPageAPIs" name="test_get_crypto_prices" time="0.126" /><testcase classname="backend.tests.test_minex_features.TestLandingPageAPIs" name="test_get_settings" time="0.070" /><testcase classname="backend.tests.test_minex_features.TestEmailVerification" name="test_send_verification_code" time="0.049" /><testcase classname="backend.tests.test_minex_features.TestEmailVerification" name="test_verify_email_invalid_code" time="0.425" /><testcase classname="backend.tests.test_minex_features.TestAuthentication" name="test_admin_login" time="0.301" /><testcase classname="backend.tests.test_minex_features.TestAuthentication" name="test_master_user_login" time="0.268" /><testcase classname="backend.tests.test_minex_features.TestAuthentication" name="test_login_invalid_credentials" time="0.047" /><testcase classname="backend.tests.test_minex_features.TestAuthentication" name="test_register_requires_referral" time="0.080" /><testcase classname="backend.tests.test_minex_features.TestUserDashboard" name="test_get_dashboard" time="0.311" /><testcase classname="backend.tests.test_minex_features.TestUserDashboard" name="test_get_profile" time="0.309" /><testcase classname="backend.tests.test_minex_features.TestUserDashboard" name="test_get_team" time="0.348" /><testcase classname="backend.tests.test_minex_features.TestUserDashboard" name="test_get_transactions" time="0.314" /><testcase classname="backend.tests.test_minex_features.TestAdminEndpoints" name="test_admin_dashboard" time="0.327" /><testcase classname="backend.tests.test_minex_features.TestAdminEndpoints" name="test_admin_get_deposits" time="0.318" /><testcase classname="backend.tests.test_minex_features.TestAdminEndpoints" name="test_admin_get_withdrawals" time="0.300" /><testcase classname="backend.tests.test_minex_features.TestAdminEndpoints" name="test_admin_get_users" time="0.309" /><testcase classname="backend.tests.test_minex_features.TestAdminEndpoints" name="test_admin_get_email_logs" time="0.305" /><testcase classname="backend.tests.test_minex_features.TestAdminEndpoints" name="test_admin_roi_scheduler_status" time="0.298" /><testcase classname="backend.tests.test_minex_features.TestCommissionDistribution" name="test_commission_structure_in_packages" time="0.304" /><testcase classname="backend.tests.test_minex_features.TestStakingEndpoints" name="test_get_staking_packages" time="0.042" /><testcase classname="backend.tests.test_minex_features.TestStakingEndpoints" name="test_get_user_staking" time="0.362" /><testcase classname="backend.tests.test_minex_features.TestStakingEndpoints" name="test_get_commissions" time="0.300" /></testsuite></testsuites>