<?xml version="1.0" encoding="utf-8"?><testsuites name="pytest tests"><testsuite name="pytest" errors="0" failures="0" skipped="0" tests="22" time="7.671" timestamp="2026-04-03T18:41:01.539938+00:00" hostname="agent-env-04ffe092-007e-4d34-8b92-9cb74494aae7"><testcase classname="backend.tests.test_ui_upgrade_iteration9.TestAuthenticationFlows" name="test_user_login_success" time="0.510" /><testcase classname="backend.tests.test_ui_upgrade_iteration9.TestAuthenticationFlows" name="test_admin_login_success" time="0.348" /><testcase classname="backend.tests.test_ui_upgrade_iteration9.TestAuthenticationFlows" name="test_login_invalid_credentials" time="0.109" /><testcase classname="backend.tests.test_ui_upgrade_iteration9.TestUserDashboard" name="test_dashboard_returns_balances" time="0.504" /><testcase classname="backend.tests.test_ui_upgrade_iteration9.TestUserDashboard" name="test_dashboard_returns_level_info" time="0.506" /><testcase classname="backend.tests.test_ui_upgrade_iteration9.TestUserDashboard" name="test_user_profile" time="0.484" /><testcase classname="backend.tests.test_ui_upgrade_iteration9.TestAdminDashboard" name="test_admin_dashboard_stats" time="0.541" /><testcase classname="backend.tests.test_ui_upgrade_iteration9.TestAdminDashboard" name="test_admin_users_list" time="0.463" /><testcase classname="backend.tests.test_ui_upgrade_iteration9.TestAdminDashboard" name="test_admin_requires_auth" time="0.104" /><testcase classname="backend.tests.test_ui_upgrade_iteration9.TestInvestmentPackages" name="test_membership_packages_public" time="0.107" /><testcase classname="backend.tests.test_ui_upgrade_iteration9.TestInvestmentPackages" name="test_investment_packages_endpoint" time="0.107" /><testcase classname="backend.tests.test_ui_upgrade_iteration9.TestDepositWithdrawalFlows" name="test_get_deposits" time="0.490" /><testcase classname="backend.tests.test_ui_upgrade_iteration9.TestDepositWithdrawalFlows" name="test_get_withdrawals" time="0.464" /><testcase classname="backend.tests.test_ui_upgrade_iteration9.TestDepositWithdrawalFlows" name="test_get_settings" time="0.123" /><testcase classname="backend.tests.test_ui_upgrade_iteration9.TestStakingFunctionality" name="test_get_staking_packages" time="0.105" /><testcase classname="backend.tests.test_ui_upgrade_iteration9.TestStakingFunctionality" name="test_get_user_staking" time="0.489" /><testcase classname="backend.tests.test_ui_upgrade_iteration9.TestNavigationEndpoints" name="test_user_team" time="0.436" /><testcase classname="backend.tests.test_ui_upgrade_iteration9.TestNavigationEndpoints" name="test_user_commissions" time="0.442" /><testcase classname="backend.tests.test_ui_upgrade_iteration9.TestNavigationEndpoints" name="test_user_transactions" time="0.459" /><testcase classname="backend.tests.test_ui_upgrade_iteration9.TestPromotions" name="test_active_promotion_public" time="0.106" /><testcase classname="backend.tests.test_ui_upgrade_iteration9.TestPromotions" name="test_admin_promotions_list" time="0.462" /><testcase classname="backend.tests.test_ui_upgrade_iteration9.TestCryptoPrices" name="test_crypto_prices" time="0.220" /></testsuite></testsuites>