<?xml version="1.0" encoding="utf-8"?><testsuites name="pytest tests"><testsuite name="pytest" errors="0" failures="0" skipped="0" tests="36" time="7.719" timestamp="2026-01-30T20:51:26.397035+00:00" hostname="agent-env-a52ef14b-3cb1-4cf7-bfa9-21735c0b0e27"><testcase classname="backend.tests.test_password_reset.TestPasswordResetEndpoints" name="test_forgot_password_endpoint_exists" time="0.057" /><testcase classname="backend.tests.test_password_reset.TestPasswordResetEndpoints" name="test_forgot_password_with_existing_user" time="0.042" /><testcase classname="backend.tests.test_password_reset.TestPasswordResetEndpoints" name="test_verify_reset_code_invalid" time="0.035" /><testcase classname="backend.tests.test_password_reset.TestPasswordResetEndpoints" name="test_reset_password_invalid_code" time="0.036" /><testcase classname="backend.tests.test_password_reset.TestPasswordResetEndpoints" name="test_reset_password_mismatch" time="0.039" /><testcase classname="backend.tests.test_password_reset.TestPasswordResetEndpoints" name="test_reset_password_too_short" time="0.036" /><testcase classname="backend.tests.test_password_reset.TestPasswordResetFullFlow" name="test_full_password_reset_flow_simulation" time="0.125" /><testcase classname="backend.tests.test_password_reset.TestEmailLogging" name="test_email_logs_endpoint" time="0.299" /><testcase classname="backend.tests.test_password_reset.TestEmailLogging" name="test_forgot_password_creates_email_log" time="1.394" /><testcase classname="backend.tests.test_password_reset.TestExistingAuthStillWorks" name="test_admin_login_still_works" time="0.258" /><testcase classname="backend.tests.test_password_reset.TestExistingAuthStillWorks" name="test_master_user_login_still_works" time="0.258" /><testcase classname="backend.tests.test_password_reset.TestExistingAuthStillWorks" name="test_email_verification_still_works" time="0.074" /><testcase classname="backend.tests.test_minex_features.TestLandingPageAPIs" name="test_get_membership_packages" time="0.039" /><testcase classname="backend.tests.test_minex_features.TestLandingPageAPIs" name="test_get_investment_packages" time="0.045" /><testcase classname="backend.tests.test_minex_features.TestLandingPageAPIs" name="test_get_crypto_prices" time="0.129" /><testcase classname="backend.tests.test_minex_features.TestLandingPageAPIs" name="test_get_settings" time="0.039" /><testcase classname="backend.tests.test_minex_features.TestEmailVerification" name="test_send_verification_code" time="0.062" /><testcase classname="backend.tests.test_minex_features.TestEmailVerification" name="test_verify_email_invalid_code" time="0.035" /><testcase classname="backend.tests.test_minex_features.TestAuthentication" name="test_admin_login" time="0.261" /><testcase classname="backend.tests.test_minex_features.TestAuthentication" name="test_master_user_login" time="0.260" /><testcase classname="backend.tests.test_minex_features.TestAuthentication" name="test_login_invalid_credentials" time="0.039" /><testcase classname="backend.tests.test_minex_features.TestAuthentication" name="test_register_requires_referral" time="0.039" /><testcase classname="backend.tests.test_minex_features.TestUserDashboard" name="test_get_dashboard" time="0.323" /><testcase classname="backend.tests.test_minex_features.TestUserDashboard" name="test_get_profile" time="0.312" /><testcase classname="backend.tests.test_minex_features.TestUserDashboard" name="test_get_team" time="0.293" /><testcase classname="backend.tests.test_minex_features.TestUserDashboard" name="test_get_transactions" time="0.319" /><testcase classname="backend.tests.test_minex_features.TestAdminEndpoints" name="test_admin_dashboard" time="0.332" /><testcase classname="backend.tests.test_minex_features.TestAdminEndpoints" name="test_admin_get_deposits" time="0.306" /><testcase classname="backend.tests.test_minex_features.TestAdminEndpoints" name="test_admin_get_withdrawals" time="0.299" /><testcase classname="backend.tests.test_minex_features.TestAdminEndpoints" name="test_admin_get_users" time="0.299" /><testcase classname="backend.tests.test_minex_features.TestAdminEndpoints" name="test_admin_get_email_logs" time="0.342" /><testcase classname="backend.tests.test_minex_features.TestAdminEndpoints" name="test_admin_roi_scheduler_status" time="0.298" /><testcase classname="backend.tests.test_minex_features.TestCommissionDistribution" name="test_commission_structure_in_packages" time="0.295" /><testcase classname="backend.tests.test_minex_features.TestStakingEndpoints" name="test_get_staking_packages" time="0.037" /><testcase classname="backend.tests.test_minex_features.TestStakingEndpoints" name="test_get_user_staking" time="0.297" /><testcase classname="backend.tests.test_minex_features.TestStakingEndpoints" name="test_get_commissions" time="0.300" /></testsuite></testsuites>